<?xml version="1.0" encoding="UTF-8"?>
<!-- Generated by org.testng.reporters.JUnitXMLReporter -->
<testsuite hostname="AMOSTAFA" ignored="0" name="Command line test" tests="2" failures="0" timestamp="2022-08-20T05:02:14 EET" time="4.767" errors="0">
  <testcase name="runScenario" time="3.317" classname="io.cucumber.testng.AbstractTestNGCucumberTests"/>
  <testcase name="runScenario" time="0.685" classname="io.cucumber.testng.AbstractTestNGCucumberTests"/>
</testsuite> <!-- Command line test -->
