<?xml version="1.0" encoding="UTF-8"?>
<testng-results skipped="0" failed="0" ignored="0" total="2" passed="2">
  <reporter-output>
  </reporter-output>
  <suite name="Runner.test_Runner" duration-ms="4767" started-at="2022-08-20T05:02:09 EET" finished-at="2022-08-20T05:02:14 EET">
    <groups>
      <group name="cucumber">
        <method signature="AbstractTestNGCucumberTests.runScenario(io.cucumber.testng.PickleWrapper,io.cucumber.testng.FeatureWrapper)[pri:0, instance:Runner.test_Runner@7f13d6e]" name="runScenario" class="io.cucumber.testng.AbstractTestNGCucumberTests"/>
      </group> <!-- cucumber -->
    </groups>
    <test name="Command line test" duration-ms="4767" started-at="2022-08-20T05:02:09 EET" finished-at="2022-08-20T05:02:14 EET">
      <class name="Runner.test_Runner">
        <test-method status="PASS" signature="setUpClass(org.testng.ITestContext)[pri:0, instance:Runner.test_Runner@7f13d6e]" name="setUpClass" is-config="true" duration-ms="543" started-at="2022-08-20T05:02:09 EET" finished-at="2022-08-20T05:02:10 EET">
          <params>
            <param index="0">
              <value>
                <![CDATA[org.testng.TestRunner@ae202c6]]>
              </value>
            </param>
          </params>
          <reporter-output>
          </reporter-output>
        </test-method> <!-- setUpClass -->
        <test-method status="PASS" signature="runScenario(io.cucumber.testng.PickleWrapper,io.cucumber.testng.FeatureWrapper)[pri:0, instance:Runner.test_Runner@7f13d6e]" name="runScenario" duration-ms="3317" started-at="2022-08-20T05:02:10 EET" description="Runs Cucumber Scenarios" data-provider="scenarios" finished-at="2022-08-20T05:02:13 EET">
          <params>
            <param index="0">
              <value>
                <![CDATA["GET a random user ID and Verify its associated posts"]]>
              </value>
            </param>
            <param index="1">
              <value>
                <![CDATA["Optional[GET | GET a random user ID and Verify its associated posts]"]]>
              </value>
            </param>
          </params>
          <reporter-output>
          </reporter-output>
        </test-method> <!-- runScenario -->
        <test-method status="PASS" signature="runScenario(io.cucumber.testng.PickleWrapper,io.cucumber.testng.FeatureWrapper)[pri:0, instance:Runner.test_Runner@7f13d6e]" name="runScenario" duration-ms="685" started-at="2022-08-20T05:02:13 EET" description="Runs Cucumber Scenarios" data-provider="scenarios" finished-at="2022-08-20T05:02:14 EET">
          <params>
            <param index="0">
              <value>
                <![CDATA["POST new User and Verify its response"]]>
              </value>
            </param>
            <param index="1">
              <value>
                <![CDATA["Optional[create "POST" a new user with same past user ID and verify its response]"]]>
              </value>
            </param>
          </params>
          <reporter-output>
          </reporter-output>
        </test-method> <!-- runScenario -->
        <test-method status="PASS" signature="tearDownClass()[pri:0, instance:Runner.test_Runner@7f13d6e]" name="tearDownClass" is-config="true" duration-ms="181" started-at="2022-08-20T05:02:14 EET" finished-at="2022-08-20T05:02:14 EET">
          <reporter-output>
          </reporter-output>
        </test-method> <!-- tearDownClass -->
      </class> <!-- Runner.test_Runner -->
    </test> <!-- Command line test -->
  </suite> <!-- Runner.test_Runner -->
</testng-results>
